Reading netlist file: "/home/nick/Dokumenty/AGH/CUE/Verilog/repo/fpga_playground/gowin/incrementer_4bit/impl/gwsynthesis/incrementer_4bit.vg"
Parsing netlist file "/home/nick/Dokumenty/AGH/CUE/Verilog/repo/fpga_playground/gowin/incrementer_4bit/impl/gwsynthesis/incrementer_4bit.vg" completed
Processing netlist completed
Reading constraint file: "/home/nick/Dokumenty/AGH/CUE/Verilog/repo/fpga_playground/gowin/incrementer_4bit/src/incrementer_4bit.cst"
Physical Constraint parsed completed
Running placement......
[10%] Placement Phase 0 completed
[20%] Placement Phase 1 completed
[30%] Placement Phase 2 completed
[50%] Placement Phase 3 completed
Running routing......
[60%] Routing Phase 0 completed
[70%] Routing Phase 1 completed
[80%] Routing Phase 2 completed
[90%] Routing Phase 3 completed
Running timing analysis......
[95%] Timing analysis completed
Placement and routing completed
Bitstream generation in progress......
Bitstream generation completed
Running power analysis......
[100%] Power analysis completed
Generate file "/home/nick/Dokumenty/AGH/CUE/Verilog/repo/fpga_playground/gowin/incrementer_4bit/impl/pnr/incrementer_4bit.power.html" completed
Generate file "/home/nick/Dokumenty/AGH/CUE/Verilog/repo/fpga_playground/gowin/incrementer_4bit/impl/pnr/incrementer_4bit.pin.html" completed
Generate file "/home/nick/Dokumenty/AGH/CUE/Verilog/repo/fpga_playground/gowin/incrementer_4bit/impl/pnr/incrementer_4bit.rpt.html" completed
Generate file "/home/nick/Dokumenty/AGH/CUE/Verilog/repo/fpga_playground/gowin/incrementer_4bit/impl/pnr/incrementer_4bit.rpt.txt" completed
Generate file "/home/nick/Dokumenty/AGH/CUE/Verilog/repo/fpga_playground/gowin/incrementer_4bit/impl/pnr/incrementer_4bit.tr.html" completed
Wed Nov 20 00:35:25 2024

